d:\zygf\asmrtop_driver\sysvad_driver\x64\release\package\sysvad.cat
d:\zygf\asmrtop_driver\sysvad_driver\x64\release\package.cer
d:\zygf\asmrtop_driver\sysvad_driver\package\x64\release\package.tlog\drvcat.command.1.tlog
d:\zygf\asmrtop_driver\sysvad_driver\package\x64\release\package.tlog\drvcat.read.1.tlog
d:\zygf\asmrtop_driver\sysvad_driver\package\x64\release\package.tlog\drvcat.write.1.tlog
d:\zygf\asmrtop_driver\sysvad_driver\package\x64\release\package.tlog\inf2cat-expand.16904.read.1.tlog
d:\zygf\asmrtop_driver\sysvad_driver\package\x64\release\package.tlog\inf2cat-expand.16904.write.1.tlog
d:\zygf\asmrtop_driver\sysvad_driver\package\x64\release\package.tlog\inf2cat-expand.18272.read.1.tlog
d:\zygf\asmrtop_driver\sysvad_driver\package\x64\release\package.tlog\inf2cat-expand.18272.write.1.tlog
d:\zygf\asmrtop_driver\sysvad_driver\package\x64\release\package.tlog\inf2cat-expand.18856.read.1.tlog
d:\zygf\asmrtop_driver\sysvad_driver\package\x64\release\package.tlog\inf2cat-expand.18856.write.1.tlog
d:\zygf\asmrtop_driver\sysvad_driver\package\x64\release\package.tlog\inf2cat-expand.3508.read.1.tlog
d:\zygf\asmrtop_driver\sysvad_driver\package\x64\release\package.tlog\inf2cat-expand.3508.write.1.tlog
d:\zygf\asmrtop_driver\sysvad_driver\package\x64\release\package.tlog\inf2cat-expand.4504.read.1.tlog
d:\zygf\asmrtop_driver\sysvad_driver\package\x64\release\package.tlog\inf2cat-expand.4504.write.1.tlog
d:\zygf\asmrtop_driver\sysvad_driver\package\x64\release\package.tlog\inf2cat-expand.read.1.tlog
d:\zygf\asmrtop_driver\sysvad_driver\package\x64\release\package.tlog\inf2cat-expand.write.1.tlog
d:\zygf\asmrtop_driver\sysvad_driver\package\x64\release\package.tlog\inf2cat.command.1.tlog
d:\zygf\asmrtop_driver\sysvad_driver\package\x64\release\package.tlog\inf2cat.read.1.tlog
d:\zygf\asmrtop_driver\sysvad_driver\package\x64\release\package.tlog\inf2cat.write.1.tlog
d:\zygf\asmrtop_driver\sysvad_driver\package\x64\release\package.tlog\signtool.command.1.tlog
d:\zygf\asmrtop_driver\sysvad_driver\package\x64\release\package.tlog\signtool.read.1.tlog
d:\zygf\asmrtop_driver\sysvad_driver\package\x64\release\package.tlog\signtool.timestamp.1.tlog
d:\zygf\asmrtop_driver\sysvad_driver\package\x64\release\package.tlog\signtool.write.1.tlog
