d:\zygf\asmrtop_driver\sysvad_driver\x64\debug\package\sysvad.cat
d:\zygf\asmrtop_driver\sysvad_driver\x64\debug\package.cer
d:\zygf\asmrtop_driver\sysvad_driver\package\x64\debug\package.tlog\drvcat.command.1.tlog
d:\zygf\asmrtop_driver\sysvad_driver\package\x64\debug\package.tlog\drvcat.read.1.tlog
d:\zygf\asmrtop_driver\sysvad_driver\package\x64\debug\package.tlog\drvcat.write.1.tlog
d:\zygf\asmrtop_driver\sysvad_driver\package\x64\debug\package.tlog\inf2cat-expand.10180.read.1.tlog
d:\zygf\asmrtop_driver\sysvad_driver\package\x64\debug\package.tlog\inf2cat-expand.10180.write.1.tlog
d:\zygf\asmrtop_driver\sysvad_driver\package\x64\debug\package.tlog\inf2cat-expand.10348.read.1.tlog
d:\zygf\asmrtop_driver\sysvad_driver\package\x64\debug\package.tlog\inf2cat-expand.10348.write.1.tlog
d:\zygf\asmrtop_driver\sysvad_driver\package\x64\debug\package.tlog\inf2cat-expand.17784.read.1.tlog
d:\zygf\asmrtop_driver\sysvad_driver\package\x64\debug\package.tlog\inf2cat-expand.17784.write.1.tlog
d:\zygf\asmrtop_driver\sysvad_driver\package\x64\debug\package.tlog\inf2cat-expand.4772.read.1.tlog
d:\zygf\asmrtop_driver\sysvad_driver\package\x64\debug\package.tlog\inf2cat-expand.4772.write.1.tlog
d:\zygf\asmrtop_driver\sysvad_driver\package\x64\debug\package.tlog\inf2cat-expand.7224.read.1.tlog
d:\zygf\asmrtop_driver\sysvad_driver\package\x64\debug\package.tlog\inf2cat-expand.7224.write.1.tlog
d:\zygf\asmrtop_driver\sysvad_driver\package\x64\debug\package.tlog\inf2cat-expand.read.1.tlog
d:\zygf\asmrtop_driver\sysvad_driver\package\x64\debug\package.tlog\inf2cat-expand.write.1.tlog
d:\zygf\asmrtop_driver\sysvad_driver\package\x64\debug\package.tlog\inf2cat.command.1.tlog
d:\zygf\asmrtop_driver\sysvad_driver\package\x64\debug\package.tlog\inf2cat.read.1.tlog
d:\zygf\asmrtop_driver\sysvad_driver\package\x64\debug\package.tlog\inf2cat.write.1.tlog
d:\zygf\asmrtop_driver\sysvad_driver\package\x64\debug\package.tlog\signtool.command.1.tlog
d:\zygf\asmrtop_driver\sysvad_driver\package\x64\debug\package.tlog\signtool.read.1.tlog
d:\zygf\asmrtop_driver\sysvad_driver\package\x64\debug\package.tlog\signtool.timestamp.1.tlog
d:\zygf\asmrtop_driver\sysvad_driver\package\x64\debug\package.tlog\signtool.write.1.tlog
