d:\zygf\asmrtop_driver\sysvad_driver\keyworddetectoradapter\x64\debug\vc143.pdb
d:\zygf\asmrtop_driver\sysvad_driver\keyworddetectoradapter\x64\debug\stdafx.obj
d:\zygf\asmrtop_driver\sysvad_driver\keyworddetectoradapter\x64\debug\keyworddetectorcontosoadapter.obj
d:\zygf\asmrtop_driver\sysvad_driver\keyworddetectoradapter\x64\debug\dllmain.obj
d:\zygf\asmrtop_driver\sysvad_driver\keyworddetectoradapter\x64\debug\keyworddetectorcontosoadapter.dll
d:\zygf\asmrtop_driver\sysvad_driver\keyworddetectoradapter\x64\debug\keyworddetectorcontosoadapter.pdb
d:\zygf\asmrtop_driver\sysvad_driver\keyworddetectoradapter\x64\debug\keyworddetectorcontosoadapter.tlb
d:\zygf\asmrtop_driver\sysvad_driver\keyworddetectoradapter\x64\debug\keyworddetectorcontosoadapter_i.c
d:\zygf\asmrtop_driver\sysvad_driver\keyworddetectoradapter\x64\debug\keyworddetectorcontosoadapter.h
d:\zygf\asmrtop_driver\sysvad_driver\keyworddetectoradapter\x64\debug\keyworddetectorcontosoadapter.res
d:\zygf\asmrtop_driver\sysvad_driver\keyworddetectoradapter\x64\debug\keyworddetectorcontosoadapter.lib
d:\zygf\asmrtop_driver\sysvad_driver\keyworddetectoradapter\x64\debug\keyworddetectorcontosoadapter.exp
d:\zygf\asmrtop_driver\sysvad_driver\keyworddetectoradapter\x64\debug\keywordd.e0f02048.tlog\cl.command.1.tlog
d:\zygf\asmrtop_driver\sysvad_driver\keyworddetectoradapter\x64\debug\keywordd.e0f02048.tlog\cl.items.tlog
d:\zygf\asmrtop_driver\sysvad_driver\keyworddetectoradapter\x64\debug\keywordd.e0f02048.tlog\cl.read.1.tlog
d:\zygf\asmrtop_driver\sysvad_driver\keyworddetectoradapter\x64\debug\keywordd.e0f02048.tlog\cl.write.1.tlog
d:\zygf\asmrtop_driver\sysvad_driver\keyworddetectoradapter\x64\debug\keywordd.e0f02048.tlog\link.command.1.tlog
d:\zygf\asmrtop_driver\sysvad_driver\keyworddetectoradapter\x64\debug\keywordd.e0f02048.tlog\link.read.1.tlog
d:\zygf\asmrtop_driver\sysvad_driver\keyworddetectoradapter\x64\debug\keywordd.e0f02048.tlog\link.secondary.1.tlog
d:\zygf\asmrtop_driver\sysvad_driver\keyworddetectoradapter\x64\debug\keywordd.e0f02048.tlog\link.write.1.tlog
d:\zygf\asmrtop_driver\sysvad_driver\keyworddetectoradapter\x64\debug\keywordd.e0f02048.tlog\midl.command.1.tlog
d:\zygf\asmrtop_driver\sysvad_driver\keyworddetectoradapter\x64\debug\keywordd.e0f02048.tlog\midl.read.1.tlog
d:\zygf\asmrtop_driver\sysvad_driver\keyworddetectoradapter\x64\debug\keywordd.e0f02048.tlog\midl.write.1.tlog
d:\zygf\asmrtop_driver\sysvad_driver\keyworddetectoradapter\x64\debug\keywordd.e0f02048.tlog\rc.command.1.tlog
d:\zygf\asmrtop_driver\sysvad_driver\keyworddetectoradapter\x64\debug\keywordd.e0f02048.tlog\rc.read.1.tlog
d:\zygf\asmrtop_driver\sysvad_driver\keyworddetectoradapter\x64\debug\keywordd.e0f02048.tlog\rc.write.1.tlog
