d:\zygf\asmrtop_driver\sysvad_driver\tabletaudiosample\x64\release\vc143.pdb
d:\zygf\asmrtop_driver\sysvad_driver\tabletaudiosample\x64\release\spdiftopo.obj
d:\zygf\asmrtop_driver\sysvad_driver\tabletaudiosample\x64\release\micintopo.obj
d:\zygf\asmrtop_driver\sysvad_driver\tabletaudiosample\x64\release\hdmitopo.obj
d:\zygf\asmrtop_driver\sysvad_driver\tabletaudiosample\x64\release\usbhsdevice.obj
d:\zygf\asmrtop_driver\sysvad_driver\tabletaudiosample\x64\release\tonegenerator.obj
d:\zygf\asmrtop_driver\sysvad_driver\tabletaudiosample\x64\release\savedata.obj
d:\zygf\asmrtop_driver\sysvad_driver\tabletaudiosample\x64\release\kshelper.obj
d:\zygf\asmrtop_driver\sysvad_driver\tabletaudiosample\x64\release\hw.obj
d:\zygf\asmrtop_driver\sysvad_driver\tabletaudiosample\x64\release\common.obj
d:\zygf\asmrtop_driver\sysvad_driver\tabletaudiosample\x64\release\bthhfpdevice.obj
d:\zygf\asmrtop_driver\sysvad_driver\tabletaudiosample\x64\release\basetopo.obj
d:\zygf\asmrtop_driver\sysvad_driver\tabletaudiosample\x64\release\adapter.obj
d:\zygf\asmrtop_driver\sysvad_driver\tabletaudiosample\x64\release\a2dphpdevice.obj
d:\zygf\asmrtop_driver\sysvad_driver\tabletaudiosample\x64\release\tabletaudiosample.sys
d:\zygf\asmrtop_driver\sysvad_driver\tabletaudiosample\x64\release\tabletaudiosample.pdb
d:\zygf\asmrtop_driver\sysvad_driver\tabletaudiosample\x64\release\tabletaudiosample.res
d:\zygf\asmrtop_driver\sysvad_driver\tabletaudiosample\x64\release\asmrtop.inf
d:\zygf\asmrtop_driver\sysvad_driver\tabletaudiosample\x64\release\componentizedaudiosample.inf
d:\zygf\asmrtop_driver\sysvad_driver\tabletaudiosample\x64\release\componentizedaudiosampleextension.inf
d:\zygf\asmrtop_driver\sysvad_driver\tabletaudiosample\x64\release\componentizedaudiosample_utf8.inf
d:\zygf\asmrtop_driver\sysvad_driver\tabletaudiosample\x64\release\tabletau.e4df0eee.tlog\cl.command.1.tlog
d:\zygf\asmrtop_driver\sysvad_driver\tabletaudiosample\x64\release\tabletau.e4df0eee.tlog\cl.items.tlog
d:\zygf\asmrtop_driver\sysvad_driver\tabletaudiosample\x64\release\tabletau.e4df0eee.tlog\cl.read.1.tlog
d:\zygf\asmrtop_driver\sysvad_driver\tabletaudiosample\x64\release\tabletau.e4df0eee.tlog\cl.write.1.tlog
d:\zygf\asmrtop_driver\sysvad_driver\tabletaudiosample\x64\release\tabletau.e4df0eee.tlog\link.command.1.tlog
d:\zygf\asmrtop_driver\sysvad_driver\tabletaudiosample\x64\release\tabletau.e4df0eee.tlog\link.read.1.tlog
d:\zygf\asmrtop_driver\sysvad_driver\tabletaudiosample\x64\release\tabletau.e4df0eee.tlog\link.secondary.1.tlog
d:\zygf\asmrtop_driver\sysvad_driver\tabletaudiosample\x64\release\tabletau.e4df0eee.tlog\link.write.1.tlog
d:\zygf\asmrtop_driver\sysvad_driver\tabletaudiosample\x64\release\tabletau.e4df0eee.tlog\rc.command.1.tlog
d:\zygf\asmrtop_driver\sysvad_driver\tabletaudiosample\x64\release\tabletau.e4df0eee.tlog\rc.read.1.tlog
d:\zygf\asmrtop_driver\sysvad_driver\tabletaudiosample\x64\release\tabletau.e4df0eee.tlog\rc.write.1.tlog
d:\zygf\asmrtop_driver\sysvad_driver\tabletaudiosample\x64\release\tabletau.e4df0eee.tlog\signtool.command.1.tlog
d:\zygf\asmrtop_driver\sysvad_driver\tabletaudiosample\x64\release\tabletau.e4df0eee.tlog\signtool.read.1.tlog
d:\zygf\asmrtop_driver\sysvad_driver\tabletaudiosample\x64\release\tabletau.e4df0eee.tlog\signtool.timestamp.1.tlog
d:\zygf\asmrtop_driver\sysvad_driver\tabletaudiosample\x64\release\tabletau.e4df0eee.tlog\signtool.write.1.tlog
d:\zygf\asmrtop_driver\sysvad_driver\tabletaudiosample\x64\release\tabletau.e4df0eee.tlog\stampinf.command.1.tlog
d:\zygf\asmrtop_driver\sysvad_driver\tabletaudiosample\x64\release\tabletau.e4df0eee.tlog\stampinf.read.1.tlog
d:\zygf\asmrtop_driver\sysvad_driver\tabletaudiosample\x64\release\tabletau.e4df0eee.tlog\stampinf.write.1.tlog
