d:\zygf\asmrtop_driver\sysvad_driver\apo\delayapo\x64\release\vc143.pdb
d:\zygf\asmrtop_driver\sysvad_driver\apo\delayapo\x64\release\delayaposfx.obj
d:\zygf\asmrtop_driver\sysvad_driver\apo\delayapo\x64\release\delayapomfx.obj
d:\zygf\asmrtop_driver\sysvad_driver\apo\delayapo\x64\release\delayapodll.obj
d:\zygf\asmrtop_driver\sysvad_driver\apo\delayapo\x64\release\delay.obj
d:\zygf\asmrtop_driver\sysvad_driver\apo\delayapo\x64\release\delayapodll.tlb
d:\zygf\asmrtop_driver\sysvad_driver\apo\delayapo\x64\release\delayapodll_i.c
d:\zygf\asmrtop_driver\sysvad_driver\apo\delayapo\x64\release\delayapodll.h
d:\zygf\asmrtop_driver\sysvad_driver\apo\delayapo\x64\release\delayapointerface_p.c
d:\zygf\asmrtop_driver\sysvad_driver\apo\delayapo\x64\release\delayapointerface_i.c
d:\zygf\asmrtop_driver\sysvad_driver\apo\delayapo\x64\release\delayapointerface.h
d:\zygf\asmrtop_driver\sysvad_driver\apo\delayapo\x64\release\delayapodll.res
d:\zygf\asmrtop_driver\sysvad_driver\apo\delayapo\x64\release\delayapo.tlog\cl.command.1.tlog
d:\zygf\asmrtop_driver\sysvad_driver\apo\delayapo\x64\release\delayapo.tlog\cl.read.1.tlog
d:\zygf\asmrtop_driver\sysvad_driver\apo\delayapo\x64\release\delayapo.tlog\cl.write.1.tlog
d:\zygf\asmrtop_driver\sysvad_driver\apo\delayapo\x64\release\delayapo.tlog\link.command.1.tlog
d:\zygf\asmrtop_driver\sysvad_driver\apo\delayapo\x64\release\delayapo.tlog\link.read.1.tlog
d:\zygf\asmrtop_driver\sysvad_driver\apo\delayapo\x64\release\delayapo.tlog\link.write.1.tlog
d:\zygf\asmrtop_driver\sysvad_driver\apo\delayapo\x64\release\delayapo.tlog\midl.command.1.tlog
d:\zygf\asmrtop_driver\sysvad_driver\apo\delayapo\x64\release\delayapo.tlog\midl.read.1.tlog
d:\zygf\asmrtop_driver\sysvad_driver\apo\delayapo\x64\release\delayapo.tlog\midl.write.1.tlog
d:\zygf\asmrtop_driver\sysvad_driver\apo\delayapo\x64\release\delayapo.tlog\rc.command.1.tlog
d:\zygf\asmrtop_driver\sysvad_driver\apo\delayapo\x64\release\delayapo.tlog\rc.read.1.tlog
d:\zygf\asmrtop_driver\sysvad_driver\apo\delayapo\x64\release\delayapo.tlog\rc.write.1.tlog
